[ 2017-09-02T01:27:46+08:00 ] 220.181.132.196 /
INFO: [ app_init ] --START--
INFO: Run Behavior\BuildLiteBehavior [ RunTime:0.000021s ]
INFO: [ app_init ] --END-- [ RunTime:0.001738s ]
INFO: [ app_begin ] --START--
INFO: Run Behavior\ReadHtmlCacheBehavior [ RunTime:0.006903s ]
INFO: [ app_begin ] --END-- [ RunTime:0.006978s ]
INFO: [ view_parse ] --START--
INFO: [ template_filter ] --START--
INFO: Run Behavior\ContentReplaceBehavior [ RunTime:0.000049s ]
INFO: [ template_filter ] --END-- [ RunTime:0.000141s ]
NOTIC: [8] Undefined variable: item /www/webroot/showdoc/Application/Runtime/Cache/Home/2a94b8bda04ff446dcedd42276fc99ee.php 第 5 行.
INFO: Run Behavior\ParseTemplateBehavior [ RunTime:0.234419s ]
INFO: [ view_parse ] --END-- [ RunTime:0.234516s ]
INFO: [ view_filter ] --START--
INFO: Run Behavior\WriteHtmlCacheBehavior [ RunTime:0.002871s ]
INFO: [ view_filter ] --END-- [ RunTime:0.002911s ]
INFO: [ app_end ] --START--
INFO: Run Behavior\ShowPageTraceBehavior [ RunTime:0.015241s ]
INFO: [ app_end ] --END-- [ RunTime:0.015316s ]

[ 2017-09-02T01:27:50+08:00 ] 106.120.162.110 /
INFO: [ app_init ] --START--
INFO: Run Behavior\BuildLiteBehavior [ RunTime:0.000018s ]
INFO: [ app_init ] --END-- [ RunTime:0.000308s ]
INFO: [ app_begin ] --START--
INFO: Run Behavior\ReadHtmlCacheBehavior [ RunTime:0.000393s ]
INFO: [ app_begin ] --END-- [ RunTime:0.000438s ]
INFO: [ view_parse ] --START--
INFO: [ template_filter ] --START--
INFO: Run Behavior\ContentReplaceBehavior [ RunTime:0.000049s ]
INFO: [ template_filter ] --END-- [ RunTime:0.000116s ]
NOTIC: [8] Undefined variable: item /www/webroot/showdoc/Application/Runtime/Cache/Home/2a94b8bda04ff446dcedd42276fc99ee.php 第 5 行.
INFO: Run Behavior\ParseTemplateBehavior [ RunTime:0.006815s ]
INFO: [ view_parse ] --END-- [ RunTime:0.006865s ]
INFO: [ view_filter ] --START--
INFO: Run Behavior\WriteHtmlCacheBehavior [ RunTime:0.000158s ]
INFO: [ view_filter ] --END-- [ RunTime:0.000207s ]
INFO: [ app_end ] --START--
INFO: Run Behavior\ShowPageTraceBehavior [ RunTime:0.000439s ]
INFO: [ app_end ] --END-- [ RunTime:0.000480s ]

[ 2017-09-02T07:09:41+08:00 ] 120.92.32.249 /
INFO: [ app_init ] --START--
INFO: Run Behavior\BuildLiteBehavior [ RunTime:0.000021s ]
INFO: [ app_init ] --END-- [ RunTime:0.002321s ]
INFO: [ app_begin ] --START--
INFO: Run Behavior\ReadHtmlCacheBehavior [ RunTime:0.004565s ]
INFO: [ app_begin ] --END-- [ RunTime:0.004647s ]
INFO: [ view_parse ] --START--
INFO: [ template_filter ] --START--
INFO: Run Behavior\ContentReplaceBehavior [ RunTime:0.000051s ]
INFO: [ template_filter ] --END-- [ RunTime:0.000118s ]
NOTIC: [8] Undefined variable: item /www/webroot/showdoc/Application/Runtime/Cache/Home/2a94b8bda04ff446dcedd42276fc99ee.php 第 5 行.
INFO: Run Behavior\ParseTemplateBehavior [ RunTime:0.055592s ]
INFO: [ view_parse ] --END-- [ RunTime:0.055670s ]
INFO: [ view_filter ] --START--
INFO: Run Behavior\WriteHtmlCacheBehavior [ RunTime:0.006049s ]
INFO: [ view_filter ] --END-- [ RunTime:0.006120s ]
INFO: [ app_end ] --START--
INFO: Run Behavior\ShowPageTraceBehavior [ RunTime:0.011553s ]
INFO: [ app_end ] --END-- [ RunTime:0.011609s ]

[ 2017-09-02T12:12:36+08:00 ] 109.63.198.136 /Home/item/show?page_id=270&item_id=4
INFO: [ app_init ] --START--
INFO: Run Behavior\BuildLiteBehavior [ RunTime:0.000015s ]
INFO: [ app_init ] --END-- [ RunTime:0.000297s ]
INFO: [ app_begin ] --START--
INFO: Run Behavior\ReadHtmlCacheBehavior [ RunTime:0.000360s ]
INFO: [ app_begin ] --END-- [ RunTime:0.000405s ]
NOTIC: [2048] Declaration of Home\Controller\ItemController::show() should be compatible with Think\Controller::show($content, $charset = '', $contentType = '', $prefix = '') /www/webroot/showdoc/Application/Home/Controller/ItemController.class.php 第 4 行.
SQL: SHOW COLUMNS FROM `item` [ RunTime:0.0006s ]
SQL: SELECT * FROM `item` WHERE ( item_id = '4'  ) LIMIT 1   [ RunTime:0.0101s ]
SQL: SELECT * FROM `item` WHERE ( item_id = '4'  ) LIMIT 1   [ RunTime:0.0002s ]
SQL: SHOW COLUMNS FROM `page` [ RunTime:0.0005s ]
SQL: SELECT * FROM `page` WHERE ( cat_id = '0' and item_id = '4'  ) ORDER BY  `order` asc    [ RunTime:0.0006s ]
SQL: SHOW COLUMNS FROM `catalog` [ RunTime:0.0003s ]
SQL: SELECT * FROM `catalog` WHERE ( item_id = '4'  ) ORDER BY  `order` asc    [ RunTime:0.0003s ]
SQL: SELECT * FROM `page` WHERE ( cat_id = '6'  ) ORDER BY  `order` asc    [ RunTime:0.0005s ]
SQL: SELECT * FROM `page` WHERE ( cat_id = '9'  ) ORDER BY  `order` asc    [ RunTime:0.0004s ]
SQL: SELECT * FROM `page` WHERE ( cat_id = '19'  ) ORDER BY  `order` asc    [ RunTime:0.0005s ]
SQL: SELECT * FROM `page` WHERE ( cat_id = '20'  ) ORDER BY  `order` asc    [ RunTime:0.0006s ]
SQL: SELECT * FROM `page` WHERE ( cat_id = '21'  ) ORDER BY  `order` asc    [ RunTime:0.0004s ]
SQL: SELECT * FROM `page` WHERE ( cat_id = '22'  ) ORDER BY  `order` asc    [ RunTime:0.0005s ]
SQL: SELECT * FROM `page` WHERE ( cat_id = '23'  ) ORDER BY  `order` asc    [ RunTime:0.0005s ]
SQL: SELECT * FROM `page` WHERE ( cat_id = '24'  ) ORDER BY  `order` asc    [ RunTime:0.0005s ]
SQL: SELECT * FROM `page` WHERE ( cat_id = '25'  ) ORDER BY  `order` asc    [ RunTime:0.0005s ]
SQL: SELECT * FROM `page` WHERE ( cat_id = '26'  ) ORDER BY  `order` asc    [ RunTime:0.0004s ]
SQL: SELECT * FROM `page` WHERE ( cat_id = '27'  ) ORDER BY  `order` asc    [ RunTime:0.0004s ]
SQL: SELECT * FROM `page` WHERE ( cat_id = '18'  ) ORDER BY  `order` asc    [ RunTime:0.0005s ]
SQL: SELECT * FROM `page` WHERE ( cat_id = '17'  ) ORDER BY  `order` asc    [ RunTime:0.0006s ]
SQL: SELECT * FROM `page` WHERE ( cat_id = '7'  ) ORDER BY  `order` asc    [ RunTime:0.0007s ]
SQL: SELECT * FROM `page` WHERE ( cat_id = '8'  ) ORDER BY  `order` asc    [ RunTime:0.0004s ]
SQL: SELECT * FROM `page` WHERE ( cat_id = '10'  ) ORDER BY  `order` asc    [ RunTime:0.0007s ]
SQL: SELECT * FROM `page` WHERE ( cat_id = '11'  ) ORDER BY  `order` asc    [ RunTime:0.0004s ]
SQL: SELECT * FROM `page` WHERE ( cat_id = '12'  ) ORDER BY  `order` asc    [ RunTime:0.0006s ]
SQL: SELECT * FROM `page` WHERE ( cat_id = '13'  ) ORDER BY  `order` asc    [ RunTime:0.0005s ]
SQL: SELECT * FROM `page` WHERE ( cat_id = '14'  ) ORDER BY  `order` asc    [ RunTime:0.0004s ]
SQL: SELECT * FROM `page` WHERE ( cat_id = '15'  ) ORDER BY  `order` asc    [ RunTime:0.0004s ]
SQL: SELECT * FROM `page` WHERE ( cat_id = '16'  ) ORDER BY  `order` asc    [ RunTime:0.0005s ]
SQL: SELECT * FROM `page` WHERE ( cat_id = '28'  ) ORDER BY  `order` asc    [ RunTime:0.0005s ]
INFO: [ view_parse ] --START--
INFO: [ template_filter ] --START--
INFO: Run Behavior\ContentReplaceBehavior [ RunTime:0.000081s ]
INFO: [ template_filter ] --END-- [ RunTime:0.000161s ]
NOTIC: [8] Undefined variable: page_id /www/webroot/showdoc/Application/Runtime/Cache/Home/a45e27ab7210323bbf6beb0424918ca7.php 第 99 行.
INFO: Run Behavior\ParseTemplateBehavior [ RunTime:0.061236s ]
INFO: [ view_parse ] --END-- [ RunTime:0.061293s ]
INFO: [ view_filter ] --START--
INFO: Run Behavior\WriteHtmlCacheBehavior [ RunTime:0.000172s ]
INFO: [ view_filter ] --END-- [ RunTime:0.000209s ]
INFO: [ app_end ] --START--
INFO: Run Behavior\ShowPageTraceBehavior [ RunTime:0.000564s ]
INFO: [ app_end ] --END-- [ RunTime:0.000611s ]

[ 2017-09-02T12:12:37+08:00 ] 109.63.198.136 /Home/item/pwd?item_id=4
INFO: [ app_init ] --START--
INFO: Run Behavior\BuildLiteBehavior [ RunTime:0.000016s ]
INFO: [ app_init ] --END-- [ RunTime:0.000322s ]
INFO: [ app_begin ] --START--
INFO: Run Behavior\ReadHtmlCacheBehavior [ RunTime:0.000388s ]
INFO: [ app_begin ] --END-- [ RunTime:0.000463s ]
NOTIC: [2048] Declaration of Home\Controller\ItemController::show() should be compatible with Think\Controller::show($content, $charset = '', $contentType = '', $prefix = '') /www/webroot/showdoc/Application/Home/Controller/ItemController.class.php 第 4 行.
INFO: [ view_parse ] --START--
INFO: [ template_filter ] --START--
INFO: Run Behavior\ContentReplaceBehavior [ RunTime:0.000043s ]
INFO: [ template_filter ] --END-- [ RunTime:0.000096s ]
NOTIC: [8] Undefined variable: item /www/webroot/showdoc/Application/Runtime/Cache/Home/020c2c9ee0f66f61bf81587f36f09187.php 第 5 行.
INFO: Run Behavior\ParseTemplateBehavior [ RunTime:0.038770s ]
INFO: [ view_parse ] --END-- [ RunTime:0.038826s ]
INFO: [ view_filter ] --START--
INFO: Run Behavior\WriteHtmlCacheBehavior [ RunTime:0.000169s ]
INFO: [ view_filter ] --END-- [ RunTime:0.000209s ]
INFO: [ app_end ] --START--
INFO: Run Behavior\ShowPageTraceBehavior [ RunTime:0.000467s ]
INFO: [ app_end ] --END-- [ RunTime:0.000507s ]

[ 2017-09-02T13:07:22+08:00 ] 178.154.200.19 /
INFO: [ app_init ] --START--
INFO: Run Behavior\BuildLiteBehavior [ RunTime:0.000016s ]
INFO: [ app_init ] --END-- [ RunTime:0.000302s ]
INFO: [ app_begin ] --START--
INFO: Run Behavior\ReadHtmlCacheBehavior [ RunTime:0.000462s ]
INFO: [ app_begin ] --END-- [ RunTime:0.000506s ]
INFO: [ view_parse ] --START--
INFO: [ template_filter ] --START--
INFO: Run Behavior\ContentReplaceBehavior [ RunTime:0.000070s ]
INFO: [ template_filter ] --END-- [ RunTime:0.000137s ]
NOTIC: [8] Undefined variable: item /www/webroot/showdoc/Application/Runtime/Cache/Home/2a94b8bda04ff446dcedd42276fc99ee.php 第 5 行.
INFO: Run Behavior\ParseTemplateBehavior [ RunTime:0.009229s ]
INFO: [ view_parse ] --END-- [ RunTime:0.009270s ]
INFO: [ view_filter ] --START--
INFO: Run Behavior\WriteHtmlCacheBehavior [ RunTime:0.000148s ]
INFO: [ view_filter ] --END-- [ RunTime:0.000185s ]
INFO: [ app_end ] --START--
INFO: Run Behavior\ShowPageTraceBehavior [ RunTime:0.000436s ]
INFO: [ app_end ] --END-- [ RunTime:0.000476s ]

[ 2017-09-02T13:50:29+08:00 ] 106.11.226.178 /
INFO: [ app_init ] --START--
INFO: Run Behavior\BuildLiteBehavior [ RunTime:0.000020s ]
INFO: [ app_init ] --END-- [ RunTime:0.000358s ]
INFO: [ app_begin ] --START--
INFO: Run Behavior\ReadHtmlCacheBehavior [ RunTime:0.000418s ]
INFO: [ app_begin ] --END-- [ RunTime:0.000463s ]
INFO: [ view_parse ] --START--
INFO: [ template_filter ] --START--
INFO: Run Behavior\ContentReplaceBehavior [ RunTime:0.000047s ]
INFO: [ template_filter ] --END-- [ RunTime:0.000106s ]
NOTIC: [8] Undefined variable: item /www/webroot/showdoc/Application/Runtime/Cache/Home/2a94b8bda04ff446dcedd42276fc99ee.php 第 5 行.
INFO: Run Behavior\ParseTemplateBehavior [ RunTime:0.008920s ]
INFO: [ view_parse ] --END-- [ RunTime:0.008985s ]
INFO: [ view_filter ] --START--
INFO: Run Behavior\WriteHtmlCacheBehavior [ RunTime:0.000125s ]
INFO: [ view_filter ] --END-- [ RunTime:0.000160s ]
INFO: [ app_end ] --START--
INFO: Run Behavior\ShowPageTraceBehavior [ RunTime:0.000429s ]
INFO: [ app_end ] --END-- [ RunTime:0.000469s ]

[ 2017-09-02T13:50:29+08:00 ] 106.11.242.31 /
INFO: [ app_init ] --START--
INFO: Run Behavior\BuildLiteBehavior [ RunTime:0.000016s ]
INFO: [ app_init ] --END-- [ RunTime:0.000315s ]
INFO: [ app_begin ] --START--
INFO: Run Behavior\ReadHtmlCacheBehavior [ RunTime:0.000386s ]
INFO: [ app_begin ] --END-- [ RunTime:0.000429s ]
INFO: [ view_parse ] --START--
INFO: [ template_filter ] --START--
INFO: Run Behavior\ContentReplaceBehavior [ RunTime:0.000040s ]
INFO: [ template_filter ] --END-- [ RunTime:0.000084s ]
NOTIC: [8] Undefined variable: item /www/webroot/showdoc/Application/Runtime/Cache/Home/2a94b8bda04ff446dcedd42276fc99ee.php 第 5 行.
INFO: Run Behavior\ParseTemplateBehavior [ RunTime:0.006280s ]
INFO: [ view_parse ] --END-- [ RunTime:0.006387s ]
INFO: [ view_filter ] --START--
INFO: Run Behavior\WriteHtmlCacheBehavior [ RunTime:0.000122s ]
INFO: [ view_filter ] --END-- [ RunTime:0.000159s ]
INFO: [ app_end ] --START--
INFO: Run Behavior\ShowPageTraceBehavior [ RunTime:0.000401s ]
INFO: [ app_end ] --END-- [ RunTime:0.000464s ]

[ 2017-09-02T14:27:34+08:00 ] 27.156.5.3 /home/item/show?item_id=4
INFO: [ app_init ] --START--
INFO: Run Behavior\BuildLiteBehavior [ RunTime:0.000015s ]
INFO: [ app_init ] --END-- [ RunTime:0.000330s ]
INFO: [ app_begin ] --START--
INFO: Run Behavior\ReadHtmlCacheBehavior [ RunTime:0.000358s ]
INFO: [ app_begin ] --END-- [ RunTime:0.000400s ]
NOTIC: [2048] Declaration of Home\Controller\ItemController::show() should be compatible with Think\Controller::show($content, $charset = '', $contentType = '', $prefix = '') /www/webroot/showdoc/Application/Home/Controller/ItemController.class.php 第 4 行.
SQL: SHOW COLUMNS FROM `item` [ RunTime:0.0007s ]
SQL: SELECT * FROM `item` WHERE ( item_id = '4'  ) LIMIT 1   [ RunTime:0.0003s ]
SQL: SELECT * FROM `item` WHERE ( item_id = '4'  ) LIMIT 1   [ RunTime:0.0002s ]
SQL: SHOW COLUMNS FROM `page` [ RunTime:0.0004s ]
SQL: SELECT * FROM `page` WHERE ( cat_id = '0' and item_id = '4'  ) ORDER BY  `order` asc    [ RunTime:0.0007s ]
SQL: SHOW COLUMNS FROM `catalog` [ RunTime:0.0003s ]
SQL: SELECT * FROM `catalog` WHERE ( item_id = '4'  ) ORDER BY  `order` asc    [ RunTime:0.0003s ]
SQL: SELECT * FROM `page` WHERE ( cat_id = '6'  ) ORDER BY  `order` asc    [ RunTime:0.0005s ]
SQL: SELECT * FROM `page` WHERE ( cat_id = '9'  ) ORDER BY  `order` asc    [ RunTime:0.0004s ]
SQL: SELECT * FROM `page` WHERE ( cat_id = '19'  ) ORDER BY  `order` asc    [ RunTime:0.0006s ]
SQL: SELECT * FROM `page` WHERE ( cat_id = '20'  ) ORDER BY  `order` asc    [ RunTime:0.0006s ]
SQL: SELECT * FROM `page` WHERE ( cat_id = '21'  ) ORDER BY  `order` asc    [ RunTime:0.0004s ]
SQL: SELECT * FROM `page` WHERE ( cat_id = '22'  ) ORDER BY  `order` asc    [ RunTime:0.0005s ]
SQL: SELECT * FROM `page` WHERE ( cat_id = '23'  ) ORDER BY  `order` asc    [ RunTime:0.0005s ]
SQL: SELECT * FROM `page` WHERE ( cat_id = '24'  ) ORDER BY  `order` asc    [ RunTime:0.0005s ]
SQL: SELECT * FROM `page` WHERE ( cat_id = '25'  ) ORDER BY  `order` asc    [ RunTime:0.0004s ]
SQL: SELECT * FROM `page` WHERE ( cat_id = '26'  ) ORDER BY  `order` asc    [ RunTime:0.0004s ]
SQL: SELECT * FROM `page` WHERE ( cat_id = '27'  ) ORDER BY  `order` asc    [ RunTime:0.0004s ]
SQL: SELECT * FROM `page` WHERE ( cat_id = '18'  ) ORDER BY  `order` asc    [ RunTime:0.0005s ]
SQL: SELECT * FROM `page` WHERE ( cat_id = '17'  ) ORDER BY  `order` asc    [ RunTime:0.0006s ]
SQL: SELECT * FROM `page` WHERE ( cat_id = '7'  ) ORDER BY  `order` asc    [ RunTime:0.0021s ]
SQL: SELECT * FROM `page` WHERE ( cat_id = '8'  ) ORDER BY  `order` asc    [ RunTime:0.0004s ]
SQL: SELECT * FROM `page` WHERE ( cat_id = '10'  ) ORDER BY  `order` asc    [ RunTime:0.0006s ]
SQL: SELECT * FROM `page` WHERE ( cat_id = '11'  ) ORDER BY  `order` asc    [ RunTime:0.0004s ]
SQL: SELECT * FROM `page` WHERE ( cat_id = '12'  ) ORDER BY  `order` asc    [ RunTime:0.0038s ]
SQL: SELECT * FROM `page` WHERE ( cat_id = '13'  ) ORDER BY  `order` asc    [ RunTime:0.0007s ]
SQL: SELECT * FROM `page` WHERE ( cat_id = '14'  ) ORDER BY  `order` asc    [ RunTime:0.0006s ]
SQL: SELECT * FROM `page` WHERE ( cat_id = '15'  ) ORDER BY  `order` asc    [ RunTime:0.0006s ]
SQL: SELECT * FROM `page` WHERE ( cat_id = '16'  ) ORDER BY  `order` asc    [ RunTime:0.0007s ]
SQL: SELECT * FROM `page` WHERE ( cat_id = '28'  ) ORDER BY  `order` asc    [ RunTime:0.0037s ]
INFO: [ view_parse ] --START--
INFO: [ template_filter ] --START--
INFO: Run Behavior\ContentReplaceBehavior [ RunTime:0.000067s ]
INFO: [ template_filter ] --END-- [ RunTime:0.000135s ]
NOTIC: [8] Undefined variable: page_id /www/webroot/showdoc/Application/Runtime/Cache/Home/a45e27ab7210323bbf6beb0424918ca7.php 第 99 行.
INFO: Run Behavior\ParseTemplateBehavior [ RunTime:0.043943s ]
INFO: [ view_parse ] --END-- [ RunTime:0.044004s ]
INFO: [ view_filter ] --START--
INFO: Run Behavior\WriteHtmlCacheBehavior [ RunTime:0.000296s ]
INFO: [ view_filter ] --END-- [ RunTime:0.000334s ]
INFO: [ app_end ] --START--
INFO: Run Behavior\ShowPageTraceBehavior [ RunTime:0.000485s ]
INFO: [ app_end ] --END-- [ RunTime:0.000532s ]

[ 2017-09-02T14:27:34+08:00 ] 27.156.5.3 /Home/item/pwd?item_id=4
INFO: [ app_init ] --START--
INFO: Run Behavior\BuildLiteBehavior [ RunTime:0.000030s ]
INFO: [ app_init ] --END-- [ RunTime:0.000370s ]
INFO: [ app_begin ] --START--
INFO: Run Behavior\ReadHtmlCacheBehavior [ RunTime:0.000579s ]
INFO: [ app_begin ] --END-- [ RunTime:0.000624s ]
NOTIC: [2048] Declaration of Home\Controller\ItemController::show() should be compatible with Think\Controller::show($content, $charset = '', $contentType = '', $prefix = '') /www/webroot/showdoc/Application/Home/Controller/ItemController.class.php 第 4 行.
INFO: [ view_parse ] --START--
INFO: [ template_filter ] --START--
INFO: Run Behavior\ContentReplaceBehavior [ RunTime:0.000042s ]
INFO: [ template_filter ] --END-- [ RunTime:0.000096s ]
NOTIC: [8] Undefined variable: item /www/webroot/showdoc/Application/Runtime/Cache/Home/020c2c9ee0f66f61bf81587f36f09187.php 第 5 行.
INFO: Run Behavior\ParseTemplateBehavior [ RunTime:0.005675s ]
INFO: [ view_parse ] --END-- [ RunTime:0.005727s ]
INFO: [ view_filter ] --START--
INFO: Run Behavior\WriteHtmlCacheBehavior [ RunTime:0.000168s ]
INFO: [ view_filter ] --END-- [ RunTime:0.000204s ]
INFO: [ app_end ] --START--
INFO: Run Behavior\ShowPageTraceBehavior [ RunTime:0.000432s ]
INFO: [ app_end ] --END-- [ RunTime:0.000470s ]

[ 2017-09-02T14:27:35+08:00 ] 27.156.5.3 /home/item/show?item_id=4
INFO: [ app_init ] --START--
INFO: Run Behavior\BuildLiteBehavior [ RunTime:0.000016s ]
INFO: [ app_init ] --END-- [ RunTime:0.000311s ]
INFO: [ app_begin ] --START--
INFO: Run Behavior\ReadHtmlCacheBehavior [ RunTime:0.000428s ]
INFO: [ app_begin ] --END-- [ RunTime:0.000500s ]
NOTIC: [2048] Declaration of Home\Controller\ItemController::show() should be compatible with Think\Controller::show($content, $charset = '', $contentType = '', $prefix = '') /www/webroot/showdoc/Application/Home/Controller/ItemController.class.php 第 4 行.
SQL: SHOW COLUMNS FROM `item` [ RunTime:0.0006s ]
SQL: SELECT * FROM `item` WHERE ( item_id = '4'  ) LIMIT 1   [ RunTime:0.0003s ]
SQL: SELECT * FROM `item` WHERE ( item_id = '4'  ) LIMIT 1   [ RunTime:0.0002s ]
SQL: SHOW COLUMNS FROM `page` [ RunTime:0.0007s ]
SQL: SELECT * FROM `page` WHERE ( cat_id = '0' and item_id = '4'  ) ORDER BY  `order` asc    [ RunTime:0.0007s ]
SQL: SHOW COLUMNS FROM `catalog` [ RunTime:0.0005s ]
SQL: SELECT * FROM `catalog` WHERE ( item_id = '4'  ) ORDER BY  `order` asc    [ RunTime:0.0003s ]
SQL: SELECT * FROM `page` WHERE ( cat_id = '6'  ) ORDER BY  `order` asc    [ RunTime:0.0005s ]
SQL: SELECT * FROM `page` WHERE ( cat_id = '9'  ) ORDER BY  `order` asc    [ RunTime:0.0004s ]
SQL: SELECT * FROM `page` WHERE ( cat_id = '19'  ) ORDER BY  `order` asc    [ RunTime:0.0005s ]
SQL: SELECT * FROM `page` WHERE ( cat_id = '20'  ) ORDER BY  `order` asc    [ RunTime:0.0007s ]
SQL: SELECT * FROM `page` WHERE ( cat_id = '21'  ) ORDER BY  `order` asc    [ RunTime:0.0004s ]
SQL: SELECT * FROM `page` WHERE ( cat_id = '22'  ) ORDER BY  `order` asc    [ RunTime:0.0005s ]
SQL: SELECT * FROM `page` WHERE ( cat_id = '23'  ) ORDER BY  `order` asc    [ RunTime:0.0006s ]
SQL: SELECT * FROM `page` WHERE ( cat_id = '24'  ) ORDER BY  `order` asc    [ RunTime:0.0004s ]
SQL: SELECT * FROM `page` WHERE ( cat_id = '25'  ) ORDER BY  `order` asc    [ RunTime:0.0006s ]
SQL: SELECT * FROM `page` WHERE ( cat_id = '26'  ) ORDER BY  `order` asc    [ RunTime:0.0007s ]
SQL: SELECT * FROM `page` WHERE ( cat_id = '27'  ) ORDER BY  `order` asc    [ RunTime:0.0007s ]
SQL: SELECT * FROM `page` WHERE ( cat_id = '18'  ) ORDER BY  `order` asc    [ RunTime:0.0005s ]
SQL: SELECT * FROM `page` WHERE ( cat_id = '17'  ) ORDER BY  `order` asc    [ RunTime:0.0006s ]
SQL: SELECT * FROM `page` WHERE ( cat_id = '7'  ) ORDER BY  `order` asc    [ RunTime:0.0007s ]
SQL: SELECT * FROM `page` WHERE ( cat_id = '8'  ) ORDER BY  `order` asc    [ RunTime:0.0005s ]
SQL: SELECT * FROM `page` WHERE ( cat_id = '10'  ) ORDER BY  `order` asc    [ RunTime:0.0007s ]
SQL: SELECT * FROM `page` WHERE ( cat_id = '11'  ) ORDER BY  `order` asc    [ RunTime:0.0004s ]
SQL: SELECT * FROM `page` WHERE ( cat_id = '12'  ) ORDER BY  `order` asc    [ RunTime:0.0006s ]
SQL: SELECT * FROM `page` WHERE ( cat_id = '13'  ) ORDER BY  `order` asc    [ RunTime:0.0005s ]
SQL: SELECT * FROM `page` WHERE ( cat_id = '14'  ) ORDER BY  `order` asc    [ RunTime:0.0004s ]
SQL: SELECT * FROM `page` WHERE ( cat_id = '15'  ) ORDER BY  `order` asc    [ RunTime:0.0004s ]
SQL: SELECT * FROM `page` WHERE ( cat_id = '16'  ) ORDER BY  `order` asc    [ RunTime:0.0005s ]
SQL: SELECT * FROM `page` WHERE ( cat_id = '28'  ) ORDER BY  `order` asc    [ RunTime:0.0005s ]
INFO: [ view_parse ] --START--
INFO: [ template_filter ] --START--
INFO: Run Behavior\ContentReplaceBehavior [ RunTime:0.000057s ]
INFO: [ template_filter ] --END-- [ RunTime:0.000106s ]
NOTIC: [8] Undefined variable: page_id /www/webroot/showdoc/Application/Runtime/Cache/Home/a45e27ab7210323bbf6beb0424918ca7.php 第 99 行.
INFO: Run Behavior\ParseTemplateBehavior [ RunTime:0.017084s ]
INFO: [ view_parse ] --END-- [ RunTime:0.017129s ]
INFO: [ view_filter ] --START--
INFO: Run Behavior\WriteHtmlCacheBehavior [ RunTime:0.000137s ]
INFO: [ view_filter ] --END-- [ RunTime:0.000174s ]
INFO: [ app_end ] --START--
INFO: Run Behavior\ShowPageTraceBehavior [ RunTime:0.000416s ]
INFO: [ app_end ] --END-- [ RunTime:0.000464s ]

[ 2017-09-02T14:27:35+08:00 ] 27.156.5.3 /Home/item/pwd?item_id=4
INFO: [ app_init ] --START--
INFO: Run Behavior\BuildLiteBehavior [ RunTime:0.000014s ]
INFO: [ app_init ] --END-- [ RunTime:0.000289s ]
INFO: [ app_begin ] --START--
INFO: Run Behavior\ReadHtmlCacheBehavior [ RunTime:0.000359s ]
INFO: [ app_begin ] --END-- [ RunTime:0.000403s ]
NOTIC: [2048] Declaration of Home\Controller\ItemController::show() should be compatible with Think\Controller::show($content, $charset = '', $contentType = '', $prefix = '') /www/webroot/showdoc/Application/Home/Controller/ItemController.class.php 第 4 行.
INFO: [ view_parse ] --START--
INFO: [ template_filter ] --START--
INFO: Run Behavior\ContentReplaceBehavior [ RunTime:0.000043s ]
INFO: [ template_filter ] --END-- [ RunTime:0.000102s ]
NOTIC: [8] Undefined variable: item /www/webroot/showdoc/Application/Runtime/Cache/Home/020c2c9ee0f66f61bf81587f36f09187.php 第 5 行.
INFO: Run Behavior\ParseTemplateBehavior [ RunTime:0.005564s ]
INFO: [ view_parse ] --END-- [ RunTime:0.005605s ]
INFO: [ view_filter ] --START--
INFO: Run Behavior\WriteHtmlCacheBehavior [ RunTime:0.000119s ]
INFO: [ view_filter ] --END-- [ RunTime:0.000154s ]
INFO: [ app_end ] --START--
INFO: Run Behavior\ShowPageTraceBehavior [ RunTime:0.000426s ]
INFO: [ app_end ] --END-- [ RunTime:0.000465s ]

