[ 2017-09-10T13:35:57+08:00 ] 106.11.226.123 /
INFO: [ app_init ] --START--
INFO: Run Behavior\BuildLiteBehavior [ RunTime:0.000029s ]
INFO: [ app_init ] --END-- [ RunTime:0.000619s ]
INFO: [ app_begin ] --START--
INFO: Run Behavior\ReadHtmlCacheBehavior [ RunTime:0.023534s ]
INFO: [ app_begin ] --END-- [ RunTime:0.023634s ]
INFO: [ view_parse ] --START--
INFO: [ template_filter ] --START--
INFO: Run Behavior\ContentReplaceBehavior [ RunTime:0.000075s ]
INFO: [ template_filter ] --END-- [ RunTime:0.000172s ]
NOTIC: [8] Undefined variable: item /www/webroot/showdoc/Application/Runtime/Cache/Home/2a94b8bda04ff446dcedd42276fc99ee.php 第 5 行.
INFO: Run Behavior\ParseTemplateBehavior [ RunTime:0.195939s ]
INFO: [ view_parse ] --END-- [ RunTime:0.196019s ]
INFO: [ view_filter ] --START--
INFO: Run Behavior\WriteHtmlCacheBehavior [ RunTime:0.007044s ]
INFO: [ view_filter ] --END-- [ RunTime:0.007085s ]
INFO: [ app_end ] --START--
INFO: Run Behavior\ShowPageTraceBehavior [ RunTime:0.008918s ]
INFO: [ app_end ] --END-- [ RunTime:0.008962s ]

[ 2017-09-10T13:35:57+08:00 ] 106.11.227.137 /
INFO: [ app_init ] --START--
INFO: Run Behavior\BuildLiteBehavior [ RunTime:0.000014s ]
INFO: [ app_init ] --END-- [ RunTime:0.000292s ]
INFO: [ app_begin ] --START--
INFO: Run Behavior\ReadHtmlCacheBehavior [ RunTime:0.000361s ]
INFO: [ app_begin ] --END-- [ RunTime:0.000428s ]
INFO: [ view_parse ] --START--
INFO: [ template_filter ] --START--
INFO: Run Behavior\ContentReplaceBehavior [ RunTime:0.000041s ]
INFO: [ template_filter ] --END-- [ RunTime:0.000082s ]
NOTIC: [8] Undefined variable: item /www/webroot/showdoc/Application/Runtime/Cache/Home/2a94b8bda04ff446dcedd42276fc99ee.php 第 5 行.
INFO: Run Behavior\ParseTemplateBehavior [ RunTime:0.005919s ]
INFO: [ view_parse ] --END-- [ RunTime:0.005960s ]
INFO: [ view_filter ] --START--
INFO: Run Behavior\WriteHtmlCacheBehavior [ RunTime:0.000119s ]
INFO: [ view_filter ] --END-- [ RunTime:0.000154s ]
INFO: [ app_end ] --START--
INFO: Run Behavior\ShowPageTraceBehavior [ RunTime:0.000387s ]
INFO: [ app_end ] --END-- [ RunTime:0.000425s ]

[ 2017-09-10T15:18:08+08:00 ] 89.178.3.52 /Home/item/show?page_id=269&item_id=4
INFO: [ app_init ] --START--
INFO: Run Behavior\BuildLiteBehavior [ RunTime:0.000015s ]
INFO: [ app_init ] --END-- [ RunTime:0.000298s ]
INFO: [ app_begin ] --START--
INFO: Run Behavior\ReadHtmlCacheBehavior [ RunTime:0.000535s ]
INFO: [ app_begin ] --END-- [ RunTime:0.000608s ]
NOTIC: [2048] Declaration of Home\Controller\ItemController::show() should be compatible with Think\Controller::show($content, $charset = '', $contentType = '', $prefix = '') /www/webroot/showdoc/Application/Home/Controller/ItemController.class.php 第 4 行.
SQL: SHOW COLUMNS FROM `item` [ RunTime:0.0008s ]
SQL: SELECT * FROM `item` WHERE ( item_id = '4'  ) LIMIT 1   [ RunTime:0.0026s ]
SQL: SELECT * FROM `item` WHERE ( item_id = '4'  ) LIMIT 1   [ RunTime:0.0002s ]
SQL: SHOW COLUMNS FROM `page` [ RunTime:0.0004s ]
SQL: SELECT * FROM `page` WHERE ( cat_id = '0' and item_id = '4'  ) ORDER BY  `order` asc    [ RunTime:0.0308s ]
SQL: SHOW COLUMNS FROM `catalog` [ RunTime:0.0006s ]
SQL: SELECT * FROM `catalog` WHERE ( item_id = '4'  ) ORDER BY  `order` asc    [ RunTime:0.0003s ]
SQL: SELECT * FROM `page` WHERE ( cat_id = '6'  ) ORDER BY  `order` asc    [ RunTime:0.0006s ]
SQL: SELECT * FROM `page` WHERE ( cat_id = '9'  ) ORDER BY  `order` asc    [ RunTime:0.0005s ]
SQL: SELECT * FROM `page` WHERE ( cat_id = '19'  ) ORDER BY  `order` asc    [ RunTime:0.0006s ]
SQL: SELECT * FROM `page` WHERE ( cat_id = '20'  ) ORDER BY  `order` asc    [ RunTime:0.0007s ]
SQL: SELECT * FROM `page` WHERE ( cat_id = '21'  ) ORDER BY  `order` asc    [ RunTime:0.0004s ]
SQL: SELECT * FROM `page` WHERE ( cat_id = '22'  ) ORDER BY  `order` asc    [ RunTime:0.0005s ]
SQL: SELECT * FROM `page` WHERE ( cat_id = '23'  ) ORDER BY  `order` asc    [ RunTime:0.0005s ]
SQL: SELECT * FROM `page` WHERE ( cat_id = '24'  ) ORDER BY  `order` asc    [ RunTime:0.0008s ]
SQL: SELECT * FROM `page` WHERE ( cat_id = '25'  ) ORDER BY  `order` asc    [ RunTime:0.0005s ]
SQL: SELECT * FROM `page` WHERE ( cat_id = '26'  ) ORDER BY  `order` asc    [ RunTime:0.0005s ]
SQL: SELECT * FROM `page` WHERE ( cat_id = '27'  ) ORDER BY  `order` asc    [ RunTime:0.0004s ]
SQL: SELECT * FROM `page` WHERE ( cat_id = '18'  ) ORDER BY  `order` asc    [ RunTime:0.0005s ]
SQL: SELECT * FROM `page` WHERE ( cat_id = '17'  ) ORDER BY  `order` asc    [ RunTime:0.0006s ]
SQL: SELECT * FROM `page` WHERE ( cat_id = '7'  ) ORDER BY  `order` asc    [ RunTime:0.0007s ]
SQL: SELECT * FROM `page` WHERE ( cat_id = '8'  ) ORDER BY  `order` asc    [ RunTime:0.0005s ]
SQL: SELECT * FROM `page` WHERE ( cat_id = '10'  ) ORDER BY  `order` asc    [ RunTime:0.0006s ]
SQL: SELECT * FROM `page` WHERE ( cat_id = '11'  ) ORDER BY  `order` asc    [ RunTime:0.0005s ]
SQL: SELECT * FROM `page` WHERE ( cat_id = '12'  ) ORDER BY  `order` asc    [ RunTime:0.0008s ]
SQL: SELECT * FROM `page` WHERE ( cat_id = '13'  ) ORDER BY  `order` asc    [ RunTime:0.0007s ]
SQL: SELECT * FROM `page` WHERE ( cat_id = '14'  ) ORDER BY  `order` asc    [ RunTime:0.0005s ]
SQL: SELECT * FROM `page` WHERE ( cat_id = '15'  ) ORDER BY  `order` asc    [ RunTime:0.0005s ]
SQL: SELECT * FROM `page` WHERE ( cat_id = '16'  ) ORDER BY  `order` asc    [ RunTime:0.0006s ]
SQL: SELECT * FROM `page` WHERE ( cat_id = '28'  ) ORDER BY  `order` asc    [ RunTime:0.0006s ]
INFO: [ view_parse ] --START--
INFO: [ template_filter ] --START--
INFO: Run Behavior\ContentReplaceBehavior [ RunTime:0.000062s ]
INFO: [ template_filter ] --END-- [ RunTime:0.000123s ]
NOTIC: [8] Undefined variable: page_id /www/webroot/showdoc/Application/Runtime/Cache/Home/a45e27ab7210323bbf6beb0424918ca7.php 第 99 行.
INFO: Run Behavior\ParseTemplateBehavior [ RunTime:0.046453s ]
INFO: [ view_parse ] --END-- [ RunTime:0.046507s ]
INFO: [ view_filter ] --START--
INFO: Run Behavior\WriteHtmlCacheBehavior [ RunTime:0.000150s ]
INFO: [ view_filter ] --END-- [ RunTime:0.000190s ]
INFO: [ app_end ] --START--
INFO: Run Behavior\ShowPageTraceBehavior [ RunTime:0.000438s ]
INFO: [ app_end ] --END-- [ RunTime:0.000482s ]

[ 2017-09-10T15:18:10+08:00 ] 89.178.3.52 /Home/item/pwd?item_id=4
INFO: [ app_init ] --START--
INFO: Run Behavior\BuildLiteBehavior [ RunTime:0.000016s ]
INFO: [ app_init ] --END-- [ RunTime:0.000298s ]
INFO: [ app_begin ] --START--
INFO: Run Behavior\ReadHtmlCacheBehavior [ RunTime:0.000390s ]
INFO: [ app_begin ] --END-- [ RunTime:0.000433s ]
NOTIC: [2048] Declaration of Home\Controller\ItemController::show() should be compatible with Think\Controller::show($content, $charset = '', $contentType = '', $prefix = '') /www/webroot/showdoc/Application/Home/Controller/ItemController.class.php 第 4 行.
INFO: [ view_parse ] --START--
INFO: [ template_filter ] --START--
INFO: Run Behavior\ContentReplaceBehavior [ RunTime:0.000041s ]
INFO: [ template_filter ] --END-- [ RunTime:0.000090s ]
NOTIC: [8] Undefined variable: item /www/webroot/showdoc/Application/Runtime/Cache/Home/020c2c9ee0f66f61bf81587f36f09187.php 第 5 行.
INFO: Run Behavior\ParseTemplateBehavior [ RunTime:0.020749s ]
INFO: [ view_parse ] --END-- [ RunTime:0.020805s ]
INFO: [ view_filter ] --START--
INFO: Run Behavior\WriteHtmlCacheBehavior [ RunTime:0.000171s ]
INFO: [ view_filter ] --END-- [ RunTime:0.000211s ]
INFO: [ app_end ] --START--
INFO: Run Behavior\ShowPageTraceBehavior [ RunTime:0.000484s ]
INFO: [ app_end ] --END-- [ RunTime:0.000524s ]

[ 2017-09-10T15:39:36+08:00 ] 120.41.165.217 /home/item/show?item_id=4
INFO: [ app_init ] --START--
INFO: Run Behavior\BuildLiteBehavior [ RunTime:0.000018s ]
INFO: [ app_init ] --END-- [ RunTime:0.000305s ]
INFO: [ app_begin ] --START--
INFO: Run Behavior\ReadHtmlCacheBehavior [ RunTime:0.000394s ]
INFO: [ app_begin ] --END-- [ RunTime:0.000437s ]
NOTIC: [2048] Declaration of Home\Controller\ItemController::show() should be compatible with Think\Controller::show($content, $charset = '', $contentType = '', $prefix = '') /www/webroot/showdoc/Application/Home/Controller/ItemController.class.php 第 4 行.
SQL: SHOW COLUMNS FROM `user` [ RunTime:0.0007s ]
SQL: SELECT * FROM `user` WHERE ( cookie_token = '1db40beda8aa592e6c4628a9585c5c69'  ) LIMIT 1   [ RunTime:0.0410s ]
SQL: SHOW COLUMNS FROM `item` [ RunTime:0.0006s ]
SQL: SELECT * FROM `item` WHERE ( item_id = '4'  ) LIMIT 1   [ RunTime:0.0003s ]
SQL: SHOW COLUMNS FROM `item_member` [ RunTime:0.0004s ]
SQL: SELECT * FROM `item_member` WHERE ( item_id = '4' and uid = '4'  ) LIMIT 1   [ RunTime:0.0002s ]
SQL: SELECT * FROM `item` WHERE ( item_id = '4'  ) LIMIT 1   [ RunTime:0.0002s ]
SQL: SHOW COLUMNS FROM `page` [ RunTime:0.0004s ]
SQL: SELECT * FROM `page` WHERE ( cat_id = '0' and item_id = '4'  ) ORDER BY  `order` asc    [ RunTime:0.0006s ]
SQL: SHOW COLUMNS FROM `catalog` [ RunTime:0.0003s ]
SQL: SELECT * FROM `catalog` WHERE ( item_id = '4'  ) ORDER BY  `order` asc    [ RunTime:0.0003s ]
SQL: SELECT * FROM `page` WHERE ( cat_id = '6'  ) ORDER BY  `order` asc    [ RunTime:0.0006s ]
SQL: SELECT * FROM `page` WHERE ( cat_id = '9'  ) ORDER BY  `order` asc    [ RunTime:0.0004s ]
SQL: SELECT * FROM `page` WHERE ( cat_id = '19'  ) ORDER BY  `order` asc    [ RunTime:0.0006s ]
SQL: SELECT * FROM `page` WHERE ( cat_id = '20'  ) ORDER BY  `order` asc    [ RunTime:0.0007s ]
SQL: SELECT * FROM `page` WHERE ( cat_id = '21'  ) ORDER BY  `order` asc    [ RunTime:0.0005s ]
SQL: SELECT * FROM `page` WHERE ( cat_id = '22'  ) ORDER BY  `order` asc    [ RunTime:0.0005s ]
SQL: SELECT * FROM `page` WHERE ( cat_id = '23'  ) ORDER BY  `order` asc    [ RunTime:0.0006s ]
SQL: SELECT * FROM `page` WHERE ( cat_id = '24'  ) ORDER BY  `order` asc    [ RunTime:0.0005s ]
SQL: SELECT * FROM `page` WHERE ( cat_id = '25'  ) ORDER BY  `order` asc    [ RunTime:0.0004s ]
SQL: SELECT * FROM `page` WHERE ( cat_id = '26'  ) ORDER BY  `order` asc    [ RunTime:0.0004s ]
SQL: SELECT * FROM `page` WHERE ( cat_id = '27'  ) ORDER BY  `order` asc    [ RunTime:0.0004s ]
SQL: SELECT * FROM `page` WHERE ( cat_id = '18'  ) ORDER BY  `order` asc    [ RunTime:0.0006s ]
SQL: SELECT * FROM `page` WHERE ( cat_id = '17'  ) ORDER BY  `order` asc    [ RunTime:0.0006s ]
SQL: SELECT * FROM `page` WHERE ( cat_id = '7'  ) ORDER BY  `order` asc    [ RunTime:0.0007s ]
SQL: SELECT * FROM `page` WHERE ( cat_id = '8'  ) ORDER BY  `order` asc    [ RunTime:0.0005s ]
SQL: SELECT * FROM `page` WHERE ( cat_id = '10'  ) ORDER BY  `order` asc    [ RunTime:0.0006s ]
SQL: SELECT * FROM `page` WHERE ( cat_id = '11'  ) ORDER BY  `order` asc    [ RunTime:0.0006s ]
SQL: SELECT * FROM `page` WHERE ( cat_id = '12'  ) ORDER BY  `order` asc    [ RunTime:0.0006s ]
SQL: SELECT * FROM `page` WHERE ( cat_id = '13'  ) ORDER BY  `order` asc    [ RunTime:0.0005s ]
SQL: SELECT * FROM `page` WHERE ( cat_id = '14'  ) ORDER BY  `order` asc    [ RunTime:0.0005s ]
SQL: SELECT * FROM `page` WHERE ( cat_id = '15'  ) ORDER BY  `order` asc    [ RunTime:0.0005s ]
SQL: SELECT * FROM `page` WHERE ( cat_id = '16'  ) ORDER BY  `order` asc    [ RunTime:0.0005s ]
SQL: SELECT * FROM `page` WHERE ( cat_id = '28'  ) ORDER BY  `order` asc    [ RunTime:0.0006s ]
SQL: SELECT * FROM `item` WHERE ( item_id = '4'  ) LIMIT 1   [ RunTime:0.0002s ]
INFO: [ view_parse ] --START--
INFO: [ template_filter ] --START--
INFO: Run Behavior\ContentReplaceBehavior [ RunTime:0.000059s ]
INFO: [ template_filter ] --END-- [ RunTime:0.000113s ]
NOTIC: [8] Undefined variable: page_id /www/webroot/showdoc/Application/Runtime/Cache/Home/a45e27ab7210323bbf6beb0424918ca7.php 第 99 行.
INFO: Run Behavior\ParseTemplateBehavior [ RunTime:0.016717s ]
INFO: [ view_parse ] --END-- [ RunTime:0.016763s ]
INFO: [ view_filter ] --START--
INFO: Run Behavior\WriteHtmlCacheBehavior [ RunTime:0.000177s ]
INFO: [ view_filter ] --END-- [ RunTime:0.000215s ]
INFO: [ app_end ] --START--
INFO: Run Behavior\ShowPageTraceBehavior [ RunTime:0.000430s ]
INFO: [ app_end ] --END-- [ RunTime:0.000475s ]

[ 2017-09-10T15:43:38+08:00 ] 106.187.52.155 /Home/User/login
INFO: [ app_init ] --START--
INFO: Run Behavior\BuildLiteBehavior [ RunTime:0.000015s ]
INFO: [ app_init ] --END-- [ RunTime:0.000316s ]
INFO: [ app_begin ] --START--
INFO: Run Behavior\ReadHtmlCacheBehavior [ RunTime:0.000382s ]
INFO: [ app_begin ] --END-- [ RunTime:0.000427s ]
INFO: [ view_parse ] --START--
INFO: [ template_filter ] --START--
INFO: Run Behavior\ContentReplaceBehavior [ RunTime:0.000066s ]
INFO: [ template_filter ] --END-- [ RunTime:0.000187s ]
NOTIC: [8] Undefined variable: item /www/webroot/showdoc/Application/Runtime/Cache/Home/5c9ee6d19cd41add49f97afe3aef0b25.php 第 5 行.
INFO: Run Behavior\ParseTemplateBehavior [ RunTime:0.044673s ]
INFO: [ view_parse ] --END-- [ RunTime:0.044753s ]
INFO: [ view_filter ] --START--
INFO: Run Behavior\WriteHtmlCacheBehavior [ RunTime:0.000176s ]
INFO: [ view_filter ] --END-- [ RunTime:0.000216s ]
INFO: [ app_end ] --START--
INFO: Run Behavior\ShowPageTraceBehavior [ RunTime:0.000464s ]
INFO: [ app_end ] --END-- [ RunTime:0.000510s ]

[ 2017-09-10T15:57:46+08:00 ] 37.9.113.161 /Home/item/show?item_id=3
INFO: [ app_init ] --START--
INFO: Run Behavior\BuildLiteBehavior [ RunTime:0.000015s ]
INFO: [ app_init ] --END-- [ RunTime:0.000339s ]
INFO: [ app_begin ] --START--
INFO: Run Behavior\ReadHtmlCacheBehavior [ RunTime:0.000387s ]
INFO: [ app_begin ] --END-- [ RunTime:0.000430s ]
NOTIC: [2048] Declaration of Home\Controller\ItemController::show() should be compatible with Think\Controller::show($content, $charset = '', $contentType = '', $prefix = '') /www/webroot/showdoc/Application/Home/Controller/ItemController.class.php 第 4 行.
SQL: SHOW COLUMNS FROM `item` [ RunTime:0.0006s ]
SQL: SELECT * FROM `item` WHERE ( item_id = '3'  ) LIMIT 1   [ RunTime:0.0003s ]
SQL: SELECT * FROM `item` WHERE ( item_id = '3'  ) LIMIT 1   [ RunTime:0.0002s ]
SQL: SHOW COLUMNS FROM `page` [ RunTime:0.0004s ]
SQL: SELECT * FROM `page` WHERE ( cat_id = '0' and item_id = '3'  ) ORDER BY  `order` asc    [ RunTime:0.0006s ]
SQL: SHOW COLUMNS FROM `catalog` [ RunTime:0.0004s ]
SQL: SELECT * FROM `catalog` WHERE ( item_id = '3'  ) ORDER BY  `order` asc    [ RunTime:0.0002s ]
INFO: [ view_parse ] --START--
INFO: [ template_filter ] --START--
INFO: Run Behavior\ContentReplaceBehavior [ RunTime:0.000065s ]
INFO: [ template_filter ] --END-- [ RunTime:0.000128s ]
NOTIC: [8] Undefined variable: page_id /www/webroot/showdoc/Application/Runtime/Cache/Home/a45e27ab7210323bbf6beb0424918ca7.php 第 99 行.
INFO: Run Behavior\ParseTemplateBehavior [ RunTime:0.010689s ]
INFO: [ view_parse ] --END-- [ RunTime:0.010730s ]
INFO: [ view_filter ] --START--
INFO: Run Behavior\WriteHtmlCacheBehavior [ RunTime:0.000124s ]
INFO: [ view_filter ] --END-- [ RunTime:0.000161s ]
INFO: [ app_end ] --START--
INFO: Run Behavior\ShowPageTraceBehavior [ RunTime:0.000421s ]
INFO: [ app_end ] --END-- [ RunTime:0.000460s ]

[ 2017-09-10T22:42:50+08:00 ] 95.108.181.76 /
INFO: [ app_init ] --START--
INFO: Run Behavior\BuildLiteBehavior [ RunTime:0.000014s ]
INFO: [ app_init ] --END-- [ RunTime:0.000285s ]
INFO: [ app_begin ] --START--
INFO: Run Behavior\ReadHtmlCacheBehavior [ RunTime:0.000362s ]
INFO: [ app_begin ] --END-- [ RunTime:0.000406s ]
INFO: [ view_parse ] --START--
INFO: [ template_filter ] --START--
INFO: Run Behavior\ContentReplaceBehavior [ RunTime:0.000044s ]
INFO: [ template_filter ] --END-- [ RunTime:0.000095s ]
NOTIC: [8] Undefined variable: item /www/webroot/showdoc/Application/Runtime/Cache/Home/2a94b8bda04ff446dcedd42276fc99ee.php 第 5 行.
INFO: Run Behavior\ParseTemplateBehavior [ RunTime:0.006231s ]
INFO: [ view_parse ] --END-- [ RunTime:0.006275s ]
INFO: [ view_filter ] --START--
INFO: Run Behavior\WriteHtmlCacheBehavior [ RunTime:0.000123s ]
INFO: [ view_filter ] --END-- [ RunTime:0.000182s ]
INFO: [ app_end ] --START--
INFO: Run Behavior\ShowPageTraceBehavior [ RunTime:0.000418s ]
INFO: [ app_end ] --END-- [ RunTime:0.000456s ]

