[ 2017-08-30T08:15:50+08:00 ] 27.156.5.3 /favicon.ico
INFO: [ app_init ] --START--
INFO: Run Behavior\BuildLiteBehavior [ RunTime:0.000015s ]
INFO: [ app_init ] --END-- [ RunTime:0.000301s ]
ERR: 无法加载模块:Favicon

[ 2017-08-30T08:15:50+08:00 ] 27.156.5.3 /favicon.ico
INFO: [ app_init ] --START--
INFO: Run Behavior\BuildLiteBehavior [ RunTime:0.000022s ]
INFO: [ app_init ] --END-- [ RunTime:0.000381s ]
ERR: 无法加载模块:Favicon

[ 2017-08-30T08:15:50+08:00 ] 27.156.5.3 /favicon.ico
INFO: [ app_init ] --START--
INFO: Run Behavior\BuildLiteBehavior [ RunTime:0.000016s ]
INFO: [ app_init ] --END-- [ RunTime:0.000293s ]
ERR: 无法加载模块:Favicon

[ 2017-08-30T08:15:50+08:00 ] 27.156.5.3 /favicon.ico
INFO: [ app_init ] --START--
INFO: Run Behavior\BuildLiteBehavior [ RunTime:0.000021s ]
INFO: [ app_init ] --END-- [ RunTime:0.000410s ]
ERR: 无法加载模块:Favicon

[ 2017-08-30T09:14:05+08:00 ] 120.42.4.153 /favicon.ico
INFO: [ app_init ] --START--
INFO: Run Behavior\BuildLiteBehavior [ RunTime:0.000018s ]
INFO: [ app_init ] --END-- [ RunTime:0.000311s ]
ERR: 无法加载模块:Favicon

[ 2017-08-30T09:17:34+08:00 ] 120.42.6.109 /favicon.ico
INFO: [ app_init ] --START--
INFO: Run Behavior\BuildLiteBehavior [ RunTime:0.000023s ]
INFO: [ app_init ] --END-- [ RunTime:0.000424s ]
ERR: 无法加载模块:Favicon

[ 2017-08-30T09:17:34+08:00 ] 120.42.6.109 /favicon.ico
INFO: [ app_init ] --START--
INFO: Run Behavior\BuildLiteBehavior [ RunTime:0.000015s ]
INFO: [ app_init ] --END-- [ RunTime:0.000339s ]
ERR: 无法加载模块:Favicon

[ 2017-08-30T09:17:34+08:00 ] 120.42.6.109 /favicon.ico
INFO: [ app_init ] --START--
INFO: Run Behavior\BuildLiteBehavior [ RunTime:0.000017s ]
INFO: [ app_init ] --END-- [ RunTime:0.000309s ]
ERR: 无法加载模块:Favicon

[ 2017-08-30T09:17:35+08:00 ] 120.42.6.109 /favicon.ico
INFO: [ app_init ] --START--
INFO: Run Behavior\BuildLiteBehavior [ RunTime:0.000017s ]
INFO: [ app_init ] --END-- [ RunTime:0.000300s ]
ERR: 无法加载模块:Favicon

[ 2017-08-30T11:02:56+08:00 ] 120.42.6.109 /favicon.ico
INFO: [ app_init ] --START--
INFO: Run Behavior\BuildLiteBehavior [ RunTime:0.000018s ]
INFO: [ app_init ] --END-- [ RunTime:0.000343s ]
ERR: 无法加载模块:Favicon

[ 2017-08-30T11:02:56+08:00 ] 120.42.6.109 /favicon.ico
INFO: [ app_init ] --START--
INFO: Run Behavior\BuildLiteBehavior [ RunTime:0.000026s ]
INFO: [ app_init ] --END-- [ RunTime:0.000445s ]
ERR: 无法加载模块:Favicon

[ 2017-08-30T11:02:56+08:00 ] 120.42.6.109 /favicon.ico
INFO: [ app_init ] --START--
INFO: Run Behavior\BuildLiteBehavior [ RunTime:0.000019s ]
INFO: [ app_init ] --END-- [ RunTime:0.000333s ]
ERR: 无法加载模块:Favicon

[ 2017-08-30T11:02:57+08:00 ] 120.42.6.109 /favicon.ico
INFO: [ app_init ] --START--
INFO: Run Behavior\BuildLiteBehavior [ RunTime:0.000025s ]
INFO: [ app_init ] --END-- [ RunTime:0.000484s ]
ERR: 无法加载模块:Favicon

[ 2017-08-30T14:03:03+08:00 ] 120.42.4.153 /favicon.ico
INFO: [ app_init ] --START--
INFO: Run Behavior\BuildLiteBehavior [ RunTime:0.000018s ]
INFO: [ app_init ] --END-- [ RunTime:0.000311s ]
ERR: 无法加载模块:Favicon

[ 2017-08-30T14:03:03+08:00 ] 120.42.4.153 /favicon.ico
INFO: [ app_init ] --START--
INFO: Run Behavior\BuildLiteBehavior [ RunTime:0.000020s ]
INFO: [ app_init ] --END-- [ RunTime:0.000399s ]
ERR: 无法加载模块:Favicon

[ 2017-08-30T15:35:10+08:00 ] 120.42.4.153 /favicon.ico
INFO: [ app_init ] --START--
INFO: Run Behavior\BuildLiteBehavior [ RunTime:0.000015s ]
INFO: [ app_init ] --END-- [ RunTime:0.000333s ]
ERR: 无法加载模块:Favicon

[ 2017-08-30T16:40:46+08:00 ] 120.42.4.153 /favicon.ico
INFO: [ app_init ] --START--
INFO: Run Behavior\BuildLiteBehavior [ RunTime:0.000024s ]
INFO: [ app_init ] --END-- [ RunTime:0.002992s ]
ERR: 无法加载模块:Favicon

[ 2017-08-30T17:30:20+08:00 ] 120.42.6.109 /favicon.ico
INFO: [ app_init ] --START--
INFO: Run Behavior\BuildLiteBehavior [ RunTime:0.000027s ]
INFO: [ app_init ] --END-- [ RunTime:0.000363s ]
ERR: 无法加载模块:Favicon

[ 2017-08-30T17:30:20+08:00 ] 120.42.6.109 /favicon.ico
INFO: [ app_init ] --START--
INFO: Run Behavior\BuildLiteBehavior [ RunTime:0.000020s ]
INFO: [ app_init ] --END-- [ RunTime:0.000329s ]
ERR: 无法加载模块:Favicon

[ 2017-08-30T17:30:20+08:00 ] 120.42.6.109 /favicon.ico
INFO: [ app_init ] --START--
INFO: Run Behavior\BuildLiteBehavior [ RunTime:0.000019s ]
INFO: [ app_init ] --END-- [ RunTime:0.000339s ]
ERR: 无法加载模块:Favicon

[ 2017-08-30T17:30:21+08:00 ] 120.42.6.109 /favicon.ico
INFO: [ app_init ] --START--
INFO: Run Behavior\BuildLiteBehavior [ RunTime:0.000016s ]
INFO: [ app_init ] --END-- [ RunTime:0.000315s ]
ERR: 无法加载模块:Favicon

[ 2017-08-30T18:12:27+08:00 ] 120.42.4.153 /favicon.ico
INFO: [ app_init ] --START--
INFO: Run Behavior\BuildLiteBehavior [ RunTime:0.000016s ]
INFO: [ app_init ] --END-- [ RunTime:0.000290s ]
ERR: 无法加载模块:Favicon

[ 2017-08-30T18:23:39+08:00 ] 120.42.4.153 /favicon.ico
INFO: [ app_init ] --START--
INFO: Run Behavior\BuildLiteBehavior [ RunTime:0.000017s ]
INFO: [ app_init ] --END-- [ RunTime:0.000303s ]
ERR: 无法加载模块:Favicon

[ 2017-08-30T18:24:08+08:00 ] 120.42.4.153 /favicon.ico
INFO: [ app_init ] --START--
INFO: Run Behavior\BuildLiteBehavior [ RunTime:0.000014s ]
INFO: [ app_init ] --END-- [ RunTime:0.000316s ]
ERR: 无法加载模块:Favicon

[ 2017-08-30T18:29:58+08:00 ] 120.42.4.153 /favicon.ico
INFO: [ app_init ] --START--
INFO: Run Behavior\BuildLiteBehavior [ RunTime:0.000016s ]
INFO: [ app_init ] --END-- [ RunTime:0.000296s ]
ERR: 无法加载模块:Favicon

[ 2017-08-30T18:29:59+08:00 ] 120.42.4.153 /favicon.ico
INFO: [ app_init ] --START--
INFO: Run Behavior\BuildLiteBehavior [ RunTime:0.000021s ]
INFO: [ app_init ] --END-- [ RunTime:0.000333s ]
ERR: 无法加载模块:Favicon

[ 2017-08-30T19:08:22+08:00 ] 120.42.5.171 /favicon.ico
INFO: [ app_init ] --START--
INFO: Run Behavior\BuildLiteBehavior [ RunTime:0.000015s ]
INFO: [ app_init ] --END-- [ RunTime:0.000322s ]
ERR: 无法加载模块:Favicon

[ 2017-08-30T19:08:22+08:00 ] 120.42.5.171 /favicon.ico
INFO: [ app_init ] --START--
INFO: Run Behavior\BuildLiteBehavior [ RunTime:0.000016s ]
INFO: [ app_init ] --END-- [ RunTime:0.000329s ]
ERR: 无法加载模块:Favicon

[ 2017-08-30T19:08:23+08:00 ] 120.42.5.171 /favicon.ico
INFO: [ app_init ] --START--
INFO: Run Behavior\BuildLiteBehavior [ RunTime:0.000015s ]
INFO: [ app_init ] --END-- [ RunTime:0.000320s ]
ERR: 无法加载模块:Favicon

[ 2017-08-30T19:08:24+08:00 ] 120.42.5.171 /favicon.ico
INFO: [ app_init ] --START--
INFO: Run Behavior\BuildLiteBehavior [ RunTime:0.000015s ]
INFO: [ app_init ] --END-- [ RunTime:0.000329s ]
ERR: 无法加载模块:Favicon

